[INFO ] 2020-05-09 18:04:24.673 [main 1] SerialKiller - histo lot jour 08/05/2020acct
[INFO ] 2020-05-09 18:04:24.676 [main 1] SerialKiller - histo lot jour 08/05/2020srvr
[INFO ] 2020-05-09 18:04:24.676 [main 1] SerialKiller - histo lot jour 08/05/2020orga
[INFO ] 2020-05-09 18:04:24.676 [main 1] SerialKiller - histo lot jour 08/05/2020priv
[INFO ] 2020-05-09 18:04:24.676 [main 1] SerialKiller - histo lot jour 08/05/2020idnt
[INFO ] 2020-05-09 18:04:24.676 [main 1] SerialKiller - histo lot jour 08/05/2020frst
[INFO ] 2020-05-09 18:05:39.728 [main 1] SerialKiller - histo lot jour 08/05/2020acct
[INFO ] 2020-05-09 18:05:39.732 [main 1] SerialKiller - histo lot jour 08/05/2020srvr
[INFO ] 2020-05-09 18:05:39.732 [main 1] SerialKiller - histo lot jour 08/05/2020orga
[INFO ] 2020-05-09 18:05:39.735 [main 1] SerialKiller - histo lot jour 08/05/2020priv
[INFO ] 2020-05-09 18:05:39.735 [main 1] SerialKiller - histo lot jour 08/05/2020idnt
[INFO ] 2020-05-09 18:05:39.735 [main 1] SerialKiller - histo lot jour 08/05/2020frst
[INFO ] 2020-05-29 23:15:30.768 [main 1] SerialKiller - histo lot test 77priv
[INFO ] 2020-05-29 23:15:30.772 [main 1] SerialKiller - histo lot test 55idnt
[INFO ] 2020-05-29 23:15:30.772 [main 1] SerialKiller - histo lot test 77frst
[INFO ] 2020-05-29 23:15:30.772 [main 1] SerialKiller - histo lot jour 08/05/2020priv
[INFO ] 2020-05-29 23:15:30.772 [main 1] SerialKiller - histo lot test 199idnt
[INFO ] 2020-05-29 23:15:30.773 [main 1] SerialKiller - histo lot test 55priv
[INFO ] 2020-05-29 23:15:30.773 [main 1] SerialKiller - histo lot test 77idnt
[INFO ] 2020-05-29 23:15:30.773 [main 1] SerialKiller - histo lot test 199frst
[INFO ] 2020-05-29 23:15:30.773 [main 1] SerialKiller - histo lot test 73orga
[INFO ] 2020-05-29 23:15:30.773 [main 1] SerialKiller - histo lot test 55frst
[INFO ] 2020-05-29 23:15:30.773 [main 1] SerialKiller - histo lot jour 08/05/2020frst
[INFO ] 2020-05-29 23:15:30.773 [main 1] SerialKiller - histo lot test 83acct
[INFO ] 2020-05-29 23:15:30.773 [main 1] SerialKiller - histo lot jour 08/05/2020acct
[INFO ] 2020-05-29 23:15:30.773 [main 1] SerialKiller - histo lot test 77orga
[INFO ] 2020-05-29 23:15:30.774 [main 1] SerialKiller - histo lot jour 08/05/2020srvr
[INFO ] 2020-05-29 23:15:30.774 [main 1] SerialKiller - histo lot test 199acct
[INFO ] 2020-05-29 23:15:30.774 [main 1] SerialKiller - histo lot test 199srvr
[INFO ] 2020-05-29 23:15:30.774 [main 1] SerialKiller - histo lot test 73frst
[INFO ] 2020-05-29 23:15:30.774 [main 1] SerialKiller - histo lot jour 08/05/2020idnt
[INFO ] 2020-05-29 23:15:30.774 [main 1] SerialKiller - histo lot test 55orga
[INFO ] 2020-05-29 23:15:30.774 [main 1] SerialKiller - histo lot test 83idnt
[INFO ] 2020-05-29 23:15:30.774 [main 1] SerialKiller - histo lot test 73priv
[INFO ] 2020-05-29 23:15:30.774 [main 1] SerialKiller - histo lot test 83srvr
[INFO ] 2020-05-29 23:15:30.775 [main 1] SerialKiller - histo lot test 73srvr
[INFO ] 2020-05-29 23:15:30.775 [main 1] SerialKiller - histo lot test 83priv
[INFO ] 2020-05-29 23:15:30.775 [main 1] SerialKiller - histo lot test 83frst
[INFO ] 2020-05-29 23:15:30.775 [main 1] SerialKiller - histo lot test 73acct
[INFO ] 2020-05-29 23:15:30.775 [main 1] SerialKiller - histo lot test 73idnt
[INFO ] 2020-05-29 23:15:30.775 [main 1] SerialKiller - histo lot test 55acct
[INFO ] 2020-05-29 23:15:30.775 [main 1] SerialKiller - histo lot test 55srvr
[INFO ] 2020-05-29 23:15:30.775 [main 1] SerialKiller - histo lot jour 08/05/2020orga
[INFO ] 2020-05-29 23:15:30.775 [main 1] SerialKiller - histo lot test 77acct
[INFO ] 2020-05-29 23:15:30.775 [main 1] SerialKiller - histo lot test 77srvr
[INFO ] 2020-05-29 23:15:30.776 [main 1] SerialKiller - histo lot test 199orga
[INFO ] 2020-05-29 23:15:30.776 [main 1] SerialKiller - histo lot test 199priv
[INFO ] 2020-05-29 23:15:30.776 [main 1] SerialKiller - histo lot test 83orga
[INFO ] 2020-05-29 23:38:23.899 [main 1] SerialKiller - histo lot test 77priv
[INFO ] 2020-05-29 23:38:23.902 [main 1] SerialKiller - histo lot test 55idnt
[INFO ] 2020-05-29 23:38:23.902 [main 1] SerialKiller - histo lot test 77frst
[INFO ] 2020-05-29 23:38:23.902 [main 1] SerialKiller - histo lot jour 08/05/2020priv
[INFO ] 2020-05-29 23:38:23.902 [main 1] SerialKiller - histo lot test 199idnt
[INFO ] 2020-05-29 23:38:23.903 [main 1] SerialKiller - histo lot test 55priv
[INFO ] 2020-05-29 23:38:23.903 [main 1] SerialKiller - histo lot test 77idnt
[INFO ] 2020-05-29 23:38:23.903 [main 1] SerialKiller - histo lot test 199frst
[INFO ] 2020-05-29 23:38:23.903 [main 1] SerialKiller - histo lot test 73orga
[INFO ] 2020-05-29 23:38:23.903 [main 1] SerialKiller - histo lot test 55frst
[INFO ] 2020-05-29 23:38:23.903 [main 1] SerialKiller - histo lot jour 08/05/2020frst
[INFO ] 2020-05-29 23:38:23.903 [main 1] SerialKiller - histo lot test 83acct
[INFO ] 2020-05-29 23:38:23.903 [main 1] SerialKiller - histo lot jour 08/05/2020acct
[INFO ] 2020-05-29 23:38:23.903 [main 1] SerialKiller - histo lot test 77orga
[INFO ] 2020-05-29 23:38:23.903 [main 1] SerialKiller - histo lot jour 08/05/2020srvr
[INFO ] 2020-05-29 23:38:23.904 [main 1] SerialKiller - histo lot test 199acct
[INFO ] 2020-05-29 23:38:23.904 [main 1] SerialKiller - histo lot test 199srvr
[INFO ] 2020-05-29 23:38:23.904 [main 1] SerialKiller - histo lot test 73frst
[INFO ] 2020-05-29 23:38:23.904 [main 1] SerialKiller - histo lot jour 08/05/2020idnt
[INFO ] 2020-05-29 23:38:23.904 [main 1] SerialKiller - histo lot test 55orga
[INFO ] 2020-05-29 23:38:23.904 [main 1] SerialKiller - histo lot test 83idnt
[INFO ] 2020-05-29 23:38:23.904 [main 1] SerialKiller - histo lot test 73priv
[INFO ] 2020-05-29 23:38:23.904 [main 1] SerialKiller - histo lot test 83srvr
[INFO ] 2020-05-29 23:38:23.904 [main 1] SerialKiller - histo lot test 73srvr
[INFO ] 2020-05-29 23:38:23.904 [main 1] SerialKiller - histo lot test 83priv
[INFO ] 2020-05-29 23:38:23.904 [main 1] SerialKiller - histo lot test 83frst
[INFO ] 2020-05-29 23:38:23.904 [main 1] SerialKiller - histo lot test 73acct
[INFO ] 2020-05-29 23:38:23.905 [main 1] SerialKiller - histo lot test 73idnt
[INFO ] 2020-05-29 23:38:23.905 [main 1] SerialKiller - histo lot test 55acct
[INFO ] 2020-05-29 23:38:23.905 [main 1] SerialKiller - histo lot test 55srvr
[INFO ] 2020-05-29 23:38:23.905 [main 1] SerialKiller - histo lot jour 08/05/2020orga
[INFO ] 2020-05-29 23:38:23.905 [main 1] SerialKiller - histo lot test 77acct
[INFO ] 2020-05-29 23:38:23.905 [main 1] SerialKiller - histo lot test 77srvr
[INFO ] 2020-05-29 23:38:23.905 [main 1] SerialKiller - histo lot test 199orga
[INFO ] 2020-05-29 23:38:23.905 [main 1] SerialKiller - histo lot test 199priv
[INFO ] 2020-05-29 23:38:23.905 [main 1] SerialKiller - histo lot test 83orga
[INFO ] 2020-05-29 23:39:57.519 [main 1] SerialKiller - histo lot test 77priv
[INFO ] 2020-05-29 23:39:57.523 [main 1] SerialKiller - histo lot test 55idnt
[INFO ] 2020-05-29 23:39:57.523 [main 1] SerialKiller - histo lot test 77frst
[INFO ] 2020-05-29 23:39:57.523 [main 1] SerialKiller - histo lot jour 08/05/2020priv
[INFO ] 2020-05-29 23:39:57.523 [main 1] SerialKiller - histo lot test 199idnt
[INFO ] 2020-05-29 23:39:57.523 [main 1] SerialKiller - histo lot test 55priv
[INFO ] 2020-05-29 23:39:57.523 [main 1] SerialKiller - histo lot test 77idnt
[INFO ] 2020-05-29 23:39:57.523 [main 1] SerialKiller - histo lot test 199frst
[INFO ] 2020-05-29 23:39:57.523 [main 1] SerialKiller - histo lot test 73orga
[INFO ] 2020-05-29 23:39:57.523 [main 1] SerialKiller - histo lot test 55frst
[INFO ] 2020-05-29 23:39:57.523 [main 1] SerialKiller - histo lot jour 08/05/2020frst
[INFO ] 2020-05-29 23:39:57.523 [main 1] SerialKiller - histo lot test 83acct
[INFO ] 2020-05-29 23:39:57.523 [main 1] SerialKiller - histo lot jour 08/05/2020acct
[INFO ] 2020-05-29 23:39:57.524 [main 1] SerialKiller - histo lot test 77orga
[INFO ] 2020-05-29 23:39:57.524 [main 1] SerialKiller - histo lot jour 08/05/2020srvr
[INFO ] 2020-05-29 23:39:57.524 [main 1] SerialKiller - histo lot test 199acct
[INFO ] 2020-05-29 23:39:57.524 [main 1] SerialKiller - histo lot test 199srvr
[INFO ] 2020-05-29 23:39:57.524 [main 1] SerialKiller - histo lot test 73frst
[INFO ] 2020-05-29 23:39:57.524 [main 1] SerialKiller - histo lot jour 08/05/2020idnt
[INFO ] 2020-05-29 23:39:57.524 [main 1] SerialKiller - histo lot test 55orga
[INFO ] 2020-05-29 23:39:57.524 [main 1] SerialKiller - histo lot test 83idnt
[INFO ] 2020-05-29 23:39:57.524 [main 1] SerialKiller - histo lot test 73priv
[INFO ] 2020-05-29 23:39:57.525 [main 1] SerialKiller - histo lot test 83srvr
[INFO ] 2020-05-29 23:39:57.525 [main 1] SerialKiller - histo lot test 73srvr
[INFO ] 2020-05-29 23:39:57.525 [main 1] SerialKiller - histo lot test 83priv
[INFO ] 2020-05-29 23:39:57.525 [main 1] SerialKiller - histo lot test 83frst
[INFO ] 2020-05-29 23:39:57.525 [main 1] SerialKiller - histo lot test 73acct
[INFO ] 2020-05-29 23:39:57.525 [main 1] SerialKiller - histo lot test 73idnt
[INFO ] 2020-05-29 23:39:57.525 [main 1] SerialKiller - histo lot test 55acct
[INFO ] 2020-05-29 23:39:57.525 [main 1] SerialKiller - histo lot test 55srvr
[INFO ] 2020-05-29 23:39:57.525 [main 1] SerialKiller - histo lot jour 08/05/2020orga
[INFO ] 2020-05-29 23:39:57.525 [main 1] SerialKiller - histo lot test 77acct
[INFO ] 2020-05-29 23:39:57.525 [main 1] SerialKiller - histo lot test 77srvr
[INFO ] 2020-05-29 23:39:57.525 [main 1] SerialKiller - histo lot test 199orga
[INFO ] 2020-05-29 23:39:57.525 [main 1] SerialKiller - histo lot test 199priv
[INFO ] 2020-05-29 23:39:57.525 [main 1] SerialKiller - histo lot test 83orga
